<?xml version="1.0" encoding="UTF-8"?>
<!-- Generated by org.testng.reporters.JUnitReportReporter -->
<testsuite skipped="0" hostname="Imrans-MacBook-Air.local" name="eBayTestHomePage.TestLogin" tests="1" failures="0" timestamp="27 Jan 2018 04:01:15 GMT" time="10.600" errors="0">
  <testcase name="ee" time="10.600" classname="eBayTestHomePage.TestLogin"/>
</testsuite> <!-- eBayTestHomePage.TestLogin -->
