<?xml version="1.0" encoding="UTF-8"?>
<!-- Generated by org.testng.reporters.JUnitReportReporter -->
<testsuite skipped="0" hostname="Imrans-Air.home" name="eBayTestHomePage.TestHomePage" tests="1" failures="0" timestamp="06 Feb 2018 22:25:24 GMT" time="8.916" errors="0">
  <testcase name="testSearch" time="8.916" classname="eBayTestHomePage.TestHomePage"/>
</testsuite> <!-- eBayTestHomePage.TestHomePage -->
