<?xml version="1.0" encoding="UTF-8"?>
<!-- Generated by org.testng.reporters.JUnitReportReporter -->
<testsuite skipped="0" hostname="Imrans-Air.home" name="eBayTestHomePage.TestHomePage" tests="1" failures="0" timestamp="07 Feb 2018 01:47:30 GMT" time="12.049" errors="0">
  <testcase name="testSearch" time="12.049" classname="eBayTestHomePage.TestHomePage"/>
</testsuite> <!-- eBayTestHomePage.TestHomePage -->
