<?xml version="1.0" encoding="UTF-8"?>
<!-- Generated by org.testng.reporters.JUnitReportReporter -->
<testsuite skipped="0" hostname="Imrans-Air.home" name="testcases.TestMemberSignUp" tests="1" failures="0" timestamp="07 Feb 2018 02:43:04 GMT" time="22.604" errors="0">
  <testcase name="testMemberSignUp" time="22.604" classname="testcases.TestMemberSignUp"/>
</testsuite> <!-- testcases.TestMemberSignUp -->
