<?xml version="1.0" encoding="UTF-8"?>
<!-- Generated by org.testng.reporters.JUnitReportReporter -->
<testsuite skipped="0" hostname="Imrans-Air.home" name="testcases.TestHomePage" tests="2" failures="0" timestamp="07 Feb 2018 02:43:04 GMT" time="25.947" errors="0">
  <testcase name="testLangChangeEnglishToChinese" time="10.765" classname="testcases.TestHomePage"/>
  <testcase name="testSearch" time="15.182" classname="testcases.TestHomePage"/>
</testsuite> <!-- testcases.TestHomePage -->
