<?xml version="1.0" encoding="UTF-8"?>
<!-- Generated by org.testng.reporters.JUnitReportReporter -->
<testsuite skipped="0" hostname="Imrans-Air.home" name="testcases.TestProviderligInPage" tests="1" failures="0" timestamp="07 Feb 2018 02:43:04 GMT" time="13.025" errors="0">
  <testcase name="testProviderLogIn" time="13.025" classname="testcases.TestProviderligInPage"/>
</testsuite> <!-- testcases.TestProviderligInPage -->
