<?xml version="1.0" encoding="UTF-8"?>
<!-- Generated by org.testng.reporters.JUnitReportReporter -->
<testsuite skipped="0" hostname="Imrans-Air.home" name="testcases.TestMemberLogInPage" tests="4" failures="0" timestamp="07 Feb 2018 02:43:04 GMT" time="75.575" errors="0">
  <testcase name="testMemberLogIn" time="19.185" classname="testcases.TestMemberLogInPage"/>
  <testcase name="testMemberLogIn" time="20.700" classname="testcases.TestMemberLogInPage"/>
  <testcase name="testMemberLogIn" time="20.276" classname="testcases.TestMemberLogInPage"/>
  <testcase name="testMemberLogIn" time="15.414" classname="testcases.TestMemberLogInPage"/>
</testsuite> <!-- testcases.TestMemberLogInPage -->
