<?xml version="1.0" encoding="UTF-8"?>
<!-- Generated by org.testng.reporters.JUnitReportReporter -->
<testsuite skipped="0" hostname="Imrans-Air.home" name="testcases.TestHomePage" tests="2" failures="0" timestamp="06 Feb 2018 22:25:11 GMT" time="29.019" errors="0">
  <testcase name="testSearch" time="15.684" classname="testcases.TestHomePage"/>
  <testcase name="testLangChangeEnglishToChinese" time="13.335" classname="testcases.TestHomePage"/>
</testsuite> <!-- testcases.TestHomePage -->
