<?xml version="1.0" encoding="UTF-8"?>
<!-- Generated by org.testng.reporters.JUnitReportReporter -->
<testsuite skipped="0" hostname="Imrans-Air.home" name="testcases.TestHomePage" tests="2" failures="0" timestamp="07 Feb 2018 01:57:31 GMT" time="27.547" errors="0">
  <testcase name="testLangChangeEnglishToChinese" time="10.561" classname="testcases.TestHomePage"/>
  <testcase name="testSearch" time="16.986" classname="testcases.TestHomePage"/>
</testsuite> <!-- testcases.TestHomePage -->
