<?xml version="1.0" encoding="UTF-8"?>
<!-- Generated by org.testng.reporters.JUnitReportReporter -->
<testsuite skipped="0" hostname="Imrans-MacBook-Air.local" name="testcases.TestMemberLogInPage" tests="4" failures="0" timestamp="26 Jan 2018 00:44:20 GMT" time="47.424" errors="0">
  <testcase name="testMemberLogIn" time="12.716" classname="testcases.TestMemberLogInPage"/>
  <testcase name="testMemberLogIn" time="11.172" classname="testcases.TestMemberLogInPage"/>
  <testcase name="testMemberLogIn" time="11.284" classname="testcases.TestMemberLogInPage"/>
  <testcase name="testMemberLogIn" time="12.252" classname="testcases.TestMemberLogInPage"/>
</testsuite> <!-- testcases.TestMemberLogInPage -->
