<?xml version="1.0" encoding="UTF-8"?>
<!-- Generated by org.testng.reporters.JUnitReportReporter -->
<testsuite skipped="0" hostname="Imrans-Air.home" name="testcases.TestHomePage" tests="2" failures="0" timestamp="04 Feb 2018 00:38:34 GMT" time="22.311" errors="0">
  <testcase name="testLangChangeEnglishToChinese" time="7.420" classname="testcases.TestHomePage"/>
  <testcase name="testSearch" time="14.891" classname="testcases.TestHomePage"/>
</testsuite> <!-- testcases.TestHomePage -->
